<?xml version="1.0" encoding="UTF-8"?>
<testng-results ignored="0" total="2" passed="2" failed="0" skipped="0">
  <reporter-output>
  </reporter-output>
  <suite started-at="2026-03-25T16:52:38 IST" name="Grid Suite" finished-at="2026-03-25T16:52:53 IST" duration-ms="15684">
    <groups>
    </groups>
    <test started-at="2026-03-25T16:52:38 IST" name="Chrome_Test" finished-at="2026-03-25T16:52:45 IST" duration-ms="7488">
      <class name="demo.GridLoginTest">
        <test-method is-config="true" signature="setUp(java.lang.String,java.lang.String)[pri:0, instance:demo.GridLoginTest@515aebb0]" started-at="2026-03-25T16:52:38 IST" name="setUp" finished-at="2026-03-25T16:52:41 IST" duration-ms="3410" status="PASS">
          <params>
            <param index="0">
              <value>
                <![CDATA[chrome]]>
              </value>
            </param>
            <param index="1">
              <value>
                <![CDATA[http://localhost:4444]]>
              </value>
            </param>
          </params>
          <reporter-output>
          </reporter-output>
        </test-method> <!-- setUp -->
        <test-method signature="openHomePageAndVerifyTitle()[pri:0, instance:demo.GridLoginTest@515aebb0]" started-at="2026-03-25T16:52:41 IST" name="openHomePageAndVerifyTitle" finished-at="2026-03-25T16:52:45 IST" duration-ms="3411" status="PASS">
          <reporter-output>
          </reporter-output>
        </test-method> <!-- openHomePageAndVerifyTitle -->
        <test-method is-config="true" signature="tearDown()[pri:0, instance:demo.GridLoginTest@515aebb0]" started-at="2026-03-25T16:52:45 IST" name="tearDown" finished-at="2026-03-25T16:52:45 IST" duration-ms="587" status="PASS">
          <reporter-output>
          </reporter-output>
        </test-method> <!-- tearDown -->
      </class> <!-- demo.GridLoginTest -->
    </test> <!-- Chrome_Test -->
    <test started-at="2026-03-25T16:52:38 IST" name="Firefox_Test" finished-at="2026-03-25T16:52:53 IST" duration-ms="15684">
      <class name="demo.GridLoginTest">
        <test-method is-config="true" signature="setUp(java.lang.String,java.lang.String)[pri:0, instance:demo.GridLoginTest@5e0e82ae]" started-at="2026-03-25T16:52:38 IST" name="setUp" finished-at="2026-03-25T16:52:46 IST" duration-ms="8655" status="PASS">
          <params>
            <param index="0">
              <value>
                <![CDATA[firefox]]>
              </value>
            </param>
            <param index="1">
              <value>
                <![CDATA[http://localhost:4444]]>
              </value>
            </param>
          </params>
          <reporter-output>
          </reporter-output>
        </test-method> <!-- setUp -->
        <test-method signature="openHomePageAndVerifyTitle()[pri:0, instance:demo.GridLoginTest@5e0e82ae]" started-at="2026-03-25T16:52:46 IST" name="openHomePageAndVerifyTitle" finished-at="2026-03-25T16:52:49 IST" duration-ms="2167" status="PASS">
          <reporter-output>
          </reporter-output>
        </test-method> <!-- openHomePageAndVerifyTitle -->
        <test-method is-config="true" signature="tearDown()[pri:0, instance:demo.GridLoginTest@5e0e82ae]" started-at="2026-03-25T16:52:49 IST" name="tearDown" finished-at="2026-03-25T16:52:53 IST" duration-ms="4786" status="PASS">
          <reporter-output>
          </reporter-output>
        </test-method> <!-- tearDown -->
      </class> <!-- demo.GridLoginTest -->
    </test> <!-- Firefox_Test -->
  </suite> <!-- Grid Suite -->
</testng-results>
